Build started at 2020-09-01T15:44:02.296769
Main binary: /usr/bin/python
Build Options: -Dbuildtype=debug
Python system: Linux
The Meson build system
Version: 0.55.1
Source dir: /home/admin/git/Sector_dll/vmread
Build dir: /home/admin/git/Sector_dll/vmread/builddir
Build type: native build
None of 'PKG_CONFIG_PATH' are defined in the environment, not changing global flags.
None of 'PKG_CONFIG_PATH' are defined in the environment, not changing global flags.
Project name: vmread
Project version: 1.5
None of 'CC' are defined in the environment, not changing global flags.
None of 'CFLAGS' are defined in the environment, not changing global flags.
None of 'LDFLAGS' are defined in the environment, not changing global flags.
None of 'CPPFLAGS' are defined in the environment, not changing global flags.
None of 'CC_LD' are defined in the environment, not changing global flags.
Sanity testing C compiler: cc
Is cross compiler: False.
None of 'CC_LD' are defined in the environment, not changing global flags.
Sanity check compiler command line: cc /home/admin/git/Sector_dll/vmread/builddir/meson-private/sanitycheckc.c -o /home/admin/git/Sector_dll/vmread/builddir/meson-private/sanitycheckc.exe -pipe -D_FILE_OFFSET_BITS=64
Sanity check compile stdout:

-----
Sanity check compile stderr:

-----
Running test binary command: /home/admin/git/Sector_dll/vmread/builddir/meson-private/sanitycheckc.exe
C compiler for the build machine: cc (gcc 10.2.0 "cc (GCC) 10.2.0")
C linker for the build machine: cc ld.bfd 2.35
None of 'AR' are defined in the environment, not changing global flags.
None of 'CXX' are defined in the environment, not changing global flags.
None of 'CXXFLAGS' are defined in the environment, not changing global flags.
None of 'LDFLAGS' are defined in the environment, not changing global flags.
None of 'CPPFLAGS' are defined in the environment, not changing global flags.
None of 'CXX_LD' are defined in the environment, not changing global flags.
Sanity testing C++ compiler: c++
Is cross compiler: False.
None of 'CXX_LD' are defined in the environment, not changing global flags.
Sanity check compiler command line: c++ /home/admin/git/Sector_dll/vmread/builddir/meson-private/sanitycheckcpp.cc -o /home/admin/git/Sector_dll/vmread/builddir/meson-private/sanitycheckcpp.exe -pipe -D_FILE_OFFSET_BITS=64
Sanity check compile stdout:

-----
Sanity check compile stderr:

-----
Running test binary command: /home/admin/git/Sector_dll/vmread/builddir/meson-private/sanitycheckcpp.exe
C++ compiler for the build machine: c++ (gcc 10.2.0 "c++ (GCC) 10.2.0")
C++ linker for the build machine: c++ ld.bfd 2.35
None of 'CC' are defined in the environment, not changing global flags.
None of 'CFLAGS' are defined in the environment, not changing global flags.
None of 'LDFLAGS' are defined in the environment, not changing global flags.
None of 'CPPFLAGS' are defined in the environment, not changing global flags.
None of 'CC_LD' are defined in the environment, not changing global flags.
Sanity testing C compiler: cc
Is cross compiler: False.
None of 'CC_LD' are defined in the environment, not changing global flags.
Sanity check compiler command line: cc /home/admin/git/Sector_dll/vmread/builddir/meson-private/sanitycheckc.c -o /home/admin/git/Sector_dll/vmread/builddir/meson-private/sanitycheckc.exe -pipe -D_FILE_OFFSET_BITS=64
Sanity check compile stdout:

-----
Sanity check compile stderr:

-----
Running test binary command: /home/admin/git/Sector_dll/vmread/builddir/meson-private/sanitycheckc.exe
C compiler for the host machine: cc (gcc 10.2.0 "cc (GCC) 10.2.0")
C linker for the host machine: cc ld.bfd 2.35
None of 'AR' are defined in the environment, not changing global flags.
None of 'CXX' are defined in the environment, not changing global flags.
None of 'CXXFLAGS' are defined in the environment, not changing global flags.
None of 'LDFLAGS' are defined in the environment, not changing global flags.
None of 'CPPFLAGS' are defined in the environment, not changing global flags.
None of 'CXX_LD' are defined in the environment, not changing global flags.
Sanity testing C++ compiler: c++
Is cross compiler: False.
None of 'CXX_LD' are defined in the environment, not changing global flags.
Sanity check compiler command line: c++ /home/admin/git/Sector_dll/vmread/builddir/meson-private/sanitycheckcpp.cc -o /home/admin/git/Sector_dll/vmread/builddir/meson-private/sanitycheckcpp.exe -pipe -D_FILE_OFFSET_BITS=64
Sanity check compile stdout:

-----
Sanity check compile stderr:

-----
Running test binary command: /home/admin/git/Sector_dll/vmread/builddir/meson-private/sanitycheckcpp.exe
C++ compiler for the host machine: c++ (gcc 10.2.0 "c++ (GCC) 10.2.0")
C++ linker for the host machine: c++ ld.bfd 2.35
Build machine cpu family: x86_64
Build machine cpu: x86_64
Host machine cpu family: x86_64
Host machine cpu: x86_64
Target machine cpu family: x86_64
Target machine cpu: x86_64
Running compile:
Working directory:  /home/admin/git/Sector_dll/vmread/builddir/meson-private/tmp0bntf9pk
Command line:  cc /home/admin/git/Sector_dll/vmread/builddir/meson-private/tmp0bntf9pk/testfile.c -o /home/admin/git/Sector_dll/vmread/builddir/meson-private/tmp0bntf9pk/output.obj -pipe -c -D_FILE_OFFSET_BITS=64 -O0 -Weverything 

Code:
 extern int i;
int i;

Compiler stdout:
 
Compiler stderr:
 cc: error: unrecognized command-line option '-Weverything'

Compiler for C supports arguments -Weverything: NO 
Running compile:
Working directory:  /home/admin/git/Sector_dll/vmread/builddir/meson-private/tmpxm86c7xs
Command line:  c++ /home/admin/git/Sector_dll/vmread/builddir/meson-private/tmpxm86c7xs/testfile.cpp -o /home/admin/git/Sector_dll/vmread/builddir/meson-private/tmpxm86c7xs/output.obj -pipe -c -D_FILE_OFFSET_BITS=64 -O0 -fpermissive -Weverything 

Code:
 extern int i;
int i;

Compiler stdout:
 
Compiler stderr:
 c++: error: unrecognized command-line option '-Weverything'

Compiler for C++ supports arguments -Weverything: NO 
Running compile:
Working directory:  /home/admin/git/Sector_dll/vmread/builddir/meson-private/tmpk5znqsny
Command line:  cc /home/admin/git/Sector_dll/vmread/builddir/meson-private/tmpk5znqsny/testfile.c -o /home/admin/git/Sector_dll/vmread/builddir/meson-private/tmpk5znqsny/output.obj -pipe -c -D_FILE_OFFSET_BITS=64 -O0 -Wno-padded -Wpadded 

Code:
 extern int i;
int i;

Compiler stdout:
 
Compiler stderr:
 
Compiler for C supports arguments -Wno-padded -Wpadded: YES 
Running compile:
Working directory:  /home/admin/git/Sector_dll/vmread/builddir/meson-private/tmpdutjt197
Command line:  c++ /home/admin/git/Sector_dll/vmread/builddir/meson-private/tmpdutjt197/testfile.cpp -o /home/admin/git/Sector_dll/vmread/builddir/meson-private/tmpdutjt197/output.obj -pipe -c -D_FILE_OFFSET_BITS=64 -O0 -fpermissive -Wno-padded -Wpadded 

Code:
 extern int i;
int i;

Compiler stdout:
 
Compiler stderr:
 
Compiler for C++ supports arguments -Wno-padded -Wpadded: YES 
Running compile:
Working directory:  /home/admin/git/Sector_dll/vmread/builddir/meson-private/tmp9qhawczc
Command line:  cc /home/admin/git/Sector_dll/vmread/builddir/meson-private/tmp9qhawczc/testfile.c -o /home/admin/git/Sector_dll/vmread/builddir/meson-private/tmp9qhawczc/output.obj -pipe -c -D_FILE_OFFSET_BITS=64 -O0 -Wno-sign-conversion -Wsign-conversion 

Code:
 extern int i;
int i;

Compiler stdout:
 
Compiler stderr:
 
Compiler for C supports arguments -Wno-sign-conversion -Wsign-conversion: YES 
Running compile:
Working directory:  /home/admin/git/Sector_dll/vmread/builddir/meson-private/tmpnvk31d6s
Command line:  c++ /home/admin/git/Sector_dll/vmread/builddir/meson-private/tmpnvk31d6s/testfile.cpp -o /home/admin/git/Sector_dll/vmread/builddir/meson-private/tmpnvk31d6s/output.obj -pipe -c -D_FILE_OFFSET_BITS=64 -O0 -fpermissive -Wno-sign-conversion -Wsign-conversion 

Code:
 extern int i;
int i;

Compiler stdout:
 
Compiler stderr:
 
Compiler for C++ supports arguments -Wno-sign-conversion -Wsign-conversion: YES 
Using cached compile:
Cached command line:  cc /home/admin/git/Sector_dll/vmread/builddir/meson-private/tmpk5znqsny/testfile.c -o /home/admin/git/Sector_dll/vmread/builddir/meson-private/tmpk5znqsny/output.obj -pipe -c -D_FILE_OFFSET_BITS=64 -O0 -Wno-padded -Wpadded 

Code:
 extern int i;
int i;

Cached compiler stdout:
 
Cached compiler stderr:
 
Compiler for C supports arguments -Wno-padded -Wpadded: YES (cached)
Using cached compile:
Cached command line:  c++ /home/admin/git/Sector_dll/vmread/builddir/meson-private/tmpdutjt197/testfile.cpp -o /home/admin/git/Sector_dll/vmread/builddir/meson-private/tmpdutjt197/output.obj -pipe -c -D_FILE_OFFSET_BITS=64 -O0 -fpermissive -Wno-padded -Wpadded 

Code:
 extern int i;
int i;

Cached compiler stdout:
 
Cached compiler stderr:
 
Compiler for C++ supports arguments -Wno-padded -Wpadded: YES (cached)
Running compile:
Working directory:  /home/admin/git/Sector_dll/vmread/builddir/meson-private/tmp1b69ub5c
Command line:  cc /home/admin/git/Sector_dll/vmread/builddir/meson-private/tmp1b69ub5c/testfile.c -o /home/admin/git/Sector_dll/vmread/builddir/meson-private/tmp1b69ub5c/output.obj -pipe -c -D_FILE_OFFSET_BITS=64 -O0 -Wno-documentation-unknown-command -Wdocumentation-unknown-command 

Code:
 extern int i;
int i;

Compiler stdout:
 
Compiler stderr:
 cc: error: unrecognized command-line option '-Wdocumentation-unknown-command'

Compiler for C supports arguments -Wno-documentation-unknown-command -Wdocumentation-unknown-command: NO 
Running compile:
Working directory:  /home/admin/git/Sector_dll/vmread/builddir/meson-private/tmp6lwwpnbi
Command line:  c++ /home/admin/git/Sector_dll/vmread/builddir/meson-private/tmp6lwwpnbi/testfile.cpp -o /home/admin/git/Sector_dll/vmread/builddir/meson-private/tmp6lwwpnbi/output.obj -pipe -c -D_FILE_OFFSET_BITS=64 -O0 -fpermissive -Wno-documentation-unknown-command -Wdocumentation-unknown-command 

Code:
 extern int i;
int i;

Compiler stdout:
 
Compiler stderr:
 c++: error: unrecognized command-line option '-Wdocumentation-unknown-command'

Compiler for C++ supports arguments -Wno-documentation-unknown-command -Wdocumentation-unknown-command: NO 
Running compile:
Working directory:  /home/admin/git/Sector_dll/vmread/builddir/meson-private/tmp7g16yyru
Command line:  cc /home/admin/git/Sector_dll/vmread/builddir/meson-private/tmp7g16yyru/testfile.c -o /home/admin/git/Sector_dll/vmread/builddir/meson-private/tmp7g16yyru/output.obj -pipe -c -D_FILE_OFFSET_BITS=64 -O0 -Wno-missing-variable-declarations -Wmissing-variable-declarations 

Code:
 extern int i;
int i;

Compiler stdout:
 
Compiler stderr:
 cc: error: unrecognized command-line option '-Wmissing-variable-declarations'; did you mean '-Wmissing-declarations'?

Compiler for C supports arguments -Wno-missing-variable-declarations -Wmissing-variable-declarations: NO 
Running compile:
Working directory:  /home/admin/git/Sector_dll/vmread/builddir/meson-private/tmppdu3jytx
Command line:  c++ /home/admin/git/Sector_dll/vmread/builddir/meson-private/tmppdu3jytx/testfile.cpp -o /home/admin/git/Sector_dll/vmread/builddir/meson-private/tmppdu3jytx/output.obj -pipe -c -D_FILE_OFFSET_BITS=64 -O0 -fpermissive -Wno-missing-variable-declarations -Wmissing-variable-declarations 

Code:
 extern int i;
int i;

Compiler stdout:
 
Compiler stderr:
 c++: error: unrecognized command-line option '-Wmissing-variable-declarations'; did you mean '-Wmissing-declarations'?

Compiler for C++ supports arguments -Wno-missing-variable-declarations -Wmissing-variable-declarations: NO 
Running compile:
Working directory:  /home/admin/git/Sector_dll/vmread/builddir/meson-private/tmpo91pwl13
Command line:  cc /home/admin/git/Sector_dll/vmread/builddir/meson-private/tmpo91pwl13/testfile.c -o /home/admin/git/Sector_dll/vmread/builddir/meson-private/tmpo91pwl13/output.obj -pipe -c -D_FILE_OFFSET_BITS=64 -O0 -Wno-c++98-compat -Wc++98-compat 

Code:
 extern int i;
int i;

Compiler stdout:
 
Compiler stderr:
 cc: error: unrecognized command-line option '-Wc++98-compat'; did you mean '-Wc++-compat'?

Compiler for C supports arguments -Wno-c++98-compat -Wc++98-compat: NO 
Running compile:
Working directory:  /home/admin/git/Sector_dll/vmread/builddir/meson-private/tmpgmftqmsw
Command line:  c++ /home/admin/git/Sector_dll/vmread/builddir/meson-private/tmpgmftqmsw/testfile.cpp -o /home/admin/git/Sector_dll/vmread/builddir/meson-private/tmpgmftqmsw/output.obj -pipe -c -D_FILE_OFFSET_BITS=64 -O0 -fpermissive -Wno-c++98-compat -Wc++98-compat 

Code:
 extern int i;
int i;

Compiler stdout:
 
Compiler stderr:
 c++: error: unrecognized command-line option '-Wc++98-compat'; did you mean '-Wc++-compat'?

Compiler for C++ supports arguments -Wno-c++98-compat -Wc++98-compat: NO 
Running compile:
Working directory:  /home/admin/git/Sector_dll/vmread/builddir/meson-private/tmpsb5jms78
Command line:  cc /home/admin/git/Sector_dll/vmread/builddir/meson-private/tmpsb5jms78/testfile.c -o /home/admin/git/Sector_dll/vmread/builddir/meson-private/tmpsb5jms78/output.obj -pipe -c -D_FILE_OFFSET_BITS=64 -O0 -Wno-c++98-compat-pedantic -Wc++98-compat-pedantic 

Code:
 extern int i;
int i;

Compiler stdout:
 
Compiler stderr:
 cc: error: unrecognized command-line option '-Wc++98-compat-pedantic'

Compiler for C supports arguments -Wno-c++98-compat-pedantic -Wc++98-compat-pedantic: NO 
Running compile:
Working directory:  /home/admin/git/Sector_dll/vmread/builddir/meson-private/tmp9wc8bb9b
Command line:  c++ /home/admin/git/Sector_dll/vmread/builddir/meson-private/tmp9wc8bb9b/testfile.cpp -o /home/admin/git/Sector_dll/vmread/builddir/meson-private/tmp9wc8bb9b/output.obj -pipe -c -D_FILE_OFFSET_BITS=64 -O0 -fpermissive -Wno-c++98-compat-pedantic -Wc++98-compat-pedantic 

Code:
 extern int i;
int i;

Compiler stdout:
 
Compiler stderr:
 c++: error: unrecognized command-line option '-Wc++98-compat-pedantic'

Compiler for C++ supports arguments -Wno-c++98-compat-pedantic -Wc++98-compat-pedantic: NO 
Running compile:
Working directory:  /home/admin/git/Sector_dll/vmread/builddir/meson-private/tmpsjhzqwtt
Command line:  cc /home/admin/git/Sector_dll/vmread/builddir/meson-private/tmpsjhzqwtt/testfile.c -o /home/admin/git/Sector_dll/vmread/builddir/meson-private/tmpsjhzqwtt/output.obj -pipe -c -D_FILE_OFFSET_BITS=64 -O0 -Wno-weak-vtables -Wweak-vtables 

Code:
 extern int i;
int i;

Compiler stdout:
 
Compiler stderr:
 cc: error: unrecognized command-line option '-Wweak-vtables'

Compiler for C supports arguments -Wno-weak-vtables -Wweak-vtables: NO 
Running compile:
Working directory:  /home/admin/git/Sector_dll/vmread/builddir/meson-private/tmpd1s3b0uz
Command line:  c++ /home/admin/git/Sector_dll/vmread/builddir/meson-private/tmpd1s3b0uz/testfile.cpp -o /home/admin/git/Sector_dll/vmread/builddir/meson-private/tmpd1s3b0uz/output.obj -pipe -c -D_FILE_OFFSET_BITS=64 -O0 -fpermissive -Wno-weak-vtables -Wweak-vtables 

Code:
 extern int i;
int i;

Compiler stdout:
 
Compiler stderr:
 c++: error: unrecognized command-line option '-Wweak-vtables'

Compiler for C++ supports arguments -Wno-weak-vtables -Wweak-vtables: NO 
Using cached compile:
Cached command line:  c++ /home/admin/git/Sector_dll/vmread/builddir/meson-private/tmpdutjt197/testfile.cpp -o /home/admin/git/Sector_dll/vmread/builddir/meson-private/tmpdutjt197/output.obj -pipe -c -D_FILE_OFFSET_BITS=64 -O0 -fpermissive -Wno-padded -Wpadded 

Code:
 extern int i;
int i;

Cached compiler stdout:
 
Cached compiler stderr:
 
Compiler for C++ supports arguments -Wno-padded -Wpadded: YES (cached)
Using cached compile:
Cached command line:  c++ /home/admin/git/Sector_dll/vmread/builddir/meson-private/tmpgmftqmsw/testfile.cpp -o /home/admin/git/Sector_dll/vmread/builddir/meson-private/tmpgmftqmsw/output.obj -pipe -c -D_FILE_OFFSET_BITS=64 -O0 -fpermissive -Wno-c++98-compat -Wc++98-compat 

Code:
 extern int i;
int i;

Cached compiler stdout:
 
Cached compiler stderr:
 c++: error: unrecognized command-line option '-Wc++98-compat'; did you mean '-Wc++-compat'?

Compiler for C++ supports arguments -Wno-c++98-compat -Wc++98-compat: NO (cached)
Using cached compile:
Cached command line:  c++ /home/admin/git/Sector_dll/vmread/builddir/meson-private/tmpdutjt197/testfile.cpp -o /home/admin/git/Sector_dll/vmread/builddir/meson-private/tmpdutjt197/output.obj -pipe -c -D_FILE_OFFSET_BITS=64 -O0 -fpermissive -Wno-padded -Wpadded 

Code:
 extern int i;
int i;

Cached compiler stdout:
 
Cached compiler stderr:
 
Compiler for C++ supports arguments -Wno-padded -Wpadded: YES (cached)
Using cached compile:
Cached command line:  c++ /home/admin/git/Sector_dll/vmread/builddir/meson-private/tmp9wc8bb9b/testfile.cpp -o /home/admin/git/Sector_dll/vmread/builddir/meson-private/tmp9wc8bb9b/output.obj -pipe -c -D_FILE_OFFSET_BITS=64 -O0 -fpermissive -Wno-c++98-compat-pedantic -Wc++98-compat-pedantic 

Code:
 extern int i;
int i;

Cached compiler stdout:
 
Cached compiler stderr:
 c++: error: unrecognized command-line option '-Wc++98-compat-pedantic'

Compiler for C++ supports arguments -Wno-c++98-compat-pedantic -Wc++98-compat-pedantic: NO (cached)
Using cached compile:
Cached command line:  c++ /home/admin/git/Sector_dll/vmread/builddir/meson-private/tmpd1s3b0uz/testfile.cpp -o /home/admin/git/Sector_dll/vmread/builddir/meson-private/tmpd1s3b0uz/output.obj -pipe -c -D_FILE_OFFSET_BITS=64 -O0 -fpermissive -Wno-weak-vtables -Wweak-vtables 

Code:
 extern int i;
int i;

Cached compiler stdout:
 
Cached compiler stderr:
 c++: error: unrecognized command-line option '-Wweak-vtables'

Compiler for C++ supports arguments -Wno-weak-vtables -Wweak-vtables: NO (cached)
Using cached compile:
Cached command line:  c++ /home/admin/git/Sector_dll/vmread/builddir/meson-private/tmp6lwwpnbi/testfile.cpp -o /home/admin/git/Sector_dll/vmread/builddir/meson-private/tmp6lwwpnbi/output.obj -pipe -c -D_FILE_OFFSET_BITS=64 -O0 -fpermissive -Wno-documentation-unknown-command -Wdocumentation-unknown-command 

Code:
 extern int i;
int i;

Cached compiler stdout:
 
Cached compiler stderr:
 c++: error: unrecognized command-line option '-Wdocumentation-unknown-command'

Compiler for C++ supports arguments -Wno-documentation-unknown-command -Wdocumentation-unknown-command: NO (cached)
Running compile:
Working directory:  /home/admin/git/Sector_dll/vmread/builddir/meson-private/tmpcbqpw58u
Command line:  c++ /home/admin/git/Sector_dll/vmread/builddir/meson-private/tmpcbqpw58u/testfile.cpp -o /home/admin/git/Sector_dll/vmread/builddir/meson-private/tmpcbqpw58u/output.obj -pipe -c -D_FILE_OFFSET_BITS=64 -O0 -fpermissive -Wno-old-style-cast -Wold-style-cast 

Code:
 extern int i;
int i;

Compiler stdout:
 
Compiler stderr:
 
Compiler for C++ supports arguments -Wno-old-style-cast -Wold-style-cast: YES 
Running compile:
Working directory:  /home/admin/git/Sector_dll/vmread/builddir/meson-private/tmpbyeuq9uz
Command line:  cc /home/admin/git/Sector_dll/vmread/builddir/meson-private/tmpbyeuq9uz/testfile.c -o /home/admin/git/Sector_dll/vmread/builddir/meson-private/tmpbyeuq9uz/output.obj -pipe -c -D_FILE_OFFSET_BITS=64 -O0 -Wno-missing-prototypes -Wmissing-prototypes 

Code:
 extern int i;
int i;

Compiler stdout:
 
Compiler stderr:
 
Compiler for C supports arguments -Wno-missing-prototypes -Wmissing-prototypes: YES 
None of 'CC_LD' are defined in the environment, not changing global flags.
Running compile:
Working directory:  /home/admin/git/Sector_dll/vmread/builddir/meson-private/tmpg03wgb2p
Command line:  cc /home/admin/git/Sector_dll/vmread/builddir/meson-private/tmpg03wgb2p/testfile.c -o /home/admin/git/Sector_dll/vmread/builddir/meson-private/tmpg03wgb2p/output.exe -pipe -D_FILE_OFFSET_BITS=64 -O0 -Wl,--start-group -ldl -Wl,--end-group -Wl,--allow-shlib-undefined 

Code:
 int main(void) { return 0; }

Compiler stdout:
 
Compiler stderr:
 
Library dl found: YES
None of 'CC_LD' are defined in the environment, not changing global flags.
Running compile:
Working directory:  /home/admin/git/Sector_dll/vmread/builddir/meson-private/tmpnk75g1yk
Command line:  cc /home/admin/git/Sector_dll/vmread/builddir/meson-private/tmpnk75g1yk/testfile.c -o /home/admin/git/Sector_dll/vmread/builddir/meson-private/tmpnk75g1yk/output.exe -pipe -D_FILE_OFFSET_BITS=64 -O0 -Wl,--start-group -lpthread -Wl,--end-group -Wl,--allow-shlib-undefined 

Code:
 int main(void) { return 0; }

Compiler stdout:
 
Compiler stderr:
 
Library pthread found: YES
Build targets in project: 3

Found ninja-1.10.1 at /usr/bin/ninja
Running compile:
Working directory:  /tmp/tmpft3lnu8q
Command line:  c++ /tmp/tmpft3lnu8q/testfile.cpp -o /tmp/tmpft3lnu8q/output.obj -pipe -D_FILE_OFFSET_BITS=64 -c -std=c++14 

Code:
 int i = static_cast<int>(0);
Compiler stdout:
 
Compiler stderr:
 
Compiler accepts -std=c++14: YES
Running compile:
Working directory:  /home/admin/git/Sector_dll/vmread/builddir/meson-private/tmp7is1t2fd
Command line:  c++ /home/admin/git/Sector_dll/vmread/builddir/meson-private/tmp7is1t2fd/testfile.cpp -o /home/admin/git/Sector_dll/vmread/builddir/meson-private/tmp7is1t2fd/output.obj -pipe -c -D_FILE_OFFSET_BITS=64 -O0 -fpermissive --print-search-dirs 

Code:
 
Compiler stdout:
 install: /usr/lib/gcc/x86_64-pc-linux-gnu/10.2.0/
programs: =/usr/lib/gcc/x86_64-pc-linux-gnu/10.2.0/:/usr/lib/gcc/x86_64-pc-linux-gnu/10.2.0/:/usr/lib/gcc/x86_64-pc-linux-gnu/:/usr/lib/gcc/x86_64-pc-linux-gnu/10.2.0/:/usr/lib/gcc/x86_64-pc-linux-gnu/:/usr/lib/gcc/x86_64-pc-linux-gnu/10.2.0/../../../../x86_64-pc-linux-gnu/bin/x86_64-pc-linux-gnu/10.2.0/:/usr/lib/gcc/x86_64-pc-linux-gnu/10.2.0/../../../../x86_64-pc-linux-gnu/bin/
libraries: =/usr/lib/gcc/x86_64-pc-linux-gnu/10.2.0/:/usr/lib/gcc/x86_64-pc-linux-gnu/10.2.0/../../../../x86_64-pc-linux-gnu/lib/x86_64-pc-linux-gnu/10.2.0/:/usr/lib/gcc/x86_64-pc-linux-gnu/10.2.0/../../../../x86_64-pc-linux-gnu/lib/../lib/:/usr/lib/gcc/x86_64-pc-linux-gnu/10.2.0/../../../x86_64-pc-linux-gnu/10.2.0/:/usr/lib/gcc/x86_64-pc-linux-gnu/10.2.0/../../../../lib/:/lib/x86_64-pc-linux-gnu/10.2.0/:/lib/../lib/:/usr/lib/x86_64-pc-linux-gnu/10.2.0/:/usr/lib/../lib/:/usr/lib/gcc/x86_64-pc-linux-gnu/10.2.0/../../../../x86_64-pc-linux-gnu/lib/:/usr/lib/gcc/x86_64-pc-linux-gnu/10.2.0/../../../:/lib/:/usr/lib/

Compiler stderr:
 
None of 'STRIP' are defined in the environment, not changing global flags.
None of 'STRIP' are defined in the environment, not changing global flags.
